<?xml version="1.0" encoding="UTF-8"?>
<!-- Generated by org.testng.reporters.JUnitReportReporter -->
<testsuite skipped="0" hostname="WSD023" name="com.uat.TestCases.VerifyStartEndDateValidation" tests="1" failures="0" timestamp="22 Mar 2017 10:18:19 GMT" time="28.786" errors="0">
  <testcase name="verifyStartEndDateValidation" time="28.786" classname="com.uat.TestCases.VerifyStartEndDateValidation"/>
</testsuite> <!-- com.uat.TestCases.VerifyStartEndDateValidation -->
